 [LOGGER] 2023-12-03 02:47:24.916 PM error : uncaughtException: Unexpected token ']'
/Users/muh.firdaus/Documents/Daus/SIB Dicoding/Capstone/kasa-talk-api-v1/src/controllers/user.controller.js:37
    console.log(userExists[]);
                           ^

SyntaxError: Unexpected token ']'
    at internalCompileFunction (node:internal/vm:73:18)
    at wrapSafe (node:internal/modules/cjs/loader:1178:20)
    at Module._compile (node:internal/modules/cjs/loader:1220:27)
    at Module._extensions..js (node:internal/modules/cjs/loader:1310:10)
    at Module.load (node:internal/modules/cjs/loader:1119:32)
    at Module._load (node:internal/modules/cjs/loader:960:12)
    at Module.require (node:internal/modules/cjs/loader:1143:19)
    at require (node:internal/modules/cjs/helpers:119:18)
    at Object.<anonymous> (/Users/muh.firdaus/Documents/Daus/SIB Dicoding/Capstone/kasa-talk-api-v1/src/routes/user.route.js:2:21)
    at Module._compile (node:internal/modules/cjs/loader:1256:14)
 [LOGGER] 2023-12-03 02:47:29.931 PM error : uncaughtException: Unexpected token ')'
/Users/muh.firdaus/Documents/Daus/SIB Dicoding/Capstone/kasa-talk-api-v1/src/controllers/user.controller.js:37
    console.log(userExists[0].);
                              ^

SyntaxError: Unexpected token ')'
    at internalCompileFunction (node:internal/vm:73:18)
    at wrapSafe (node:internal/modules/cjs/loader:1178:20)
    at Module._compile (node:internal/modules/cjs/loader:1220:27)
    at Module._extensions..js (node:internal/modules/cjs/loader:1310:10)
    at Module.load (node:internal/modules/cjs/loader:1119:32)
    at Module._load (node:internal/modules/cjs/loader:960:12)
    at Module.require (node:internal/modules/cjs/loader:1143:19)
    at require (node:internal/modules/cjs/helpers:119:18)
    at Object.<anonymous> (/Users/muh.firdaus/Documents/Daus/SIB Dicoding/Capstone/kasa-talk-api-v1/src/routes/user.route.js:2:21)
    at Module._compile (node:internal/modules/cjs/loader:1256:14)
 [LOGGER] 2023-12-03 02:48:08.521 PM error : uncaughtException: Unexpected token ')'
/Users/muh.firdaus/Documents/Daus/SIB Dicoding/Capstone/kasa-talk-api-v1/src/controllers/user.controller.js:37
    console.log(userExists[User);
                               ^

SyntaxError: Unexpected token ')'
    at internalCompileFunction (node:internal/vm:73:18)
    at wrapSafe (node:internal/modules/cjs/loader:1178:20)
    at Module._compile (node:internal/modules/cjs/loader:1220:27)
    at Module._extensions..js (node:internal/modules/cjs/loader:1310:10)
    at Module.load (node:internal/modules/cjs/loader:1119:32)
    at Module._load (node:internal/modules/cjs/loader:960:12)
    at Module.require (node:internal/modules/cjs/loader:1143:19)
    at require (node:internal/modules/cjs/helpers:119:18)
    at Object.<anonymous> (/Users/muh.firdaus/Documents/Daus/SIB Dicoding/Capstone/kasa-talk-api-v1/src/routes/user.route.js:2:21)
    at Module._compile (node:internal/modules/cjs/loader:1256:14)
 [LOGGER] 2023-12-03 02:48:35.657 PM error : uncaughtException: Unexpected token ')'
/Users/muh.firdaus/Documents/Daus/SIB Dicoding/Capstone/kasa-talk-api-v1/src/controllers/user.controller.js:37
    console.log(userExists[0].);
                              ^

SyntaxError: Unexpected token ')'
    at internalCompileFunction (node:internal/vm:73:18)
    at wrapSafe (node:internal/modules/cjs/loader:1178:20)
    at Module._compile (node:internal/modules/cjs/loader:1220:27)
    at Module._extensions..js (node:internal/modules/cjs/loader:1310:10)
    at Module.load (node:internal/modules/cjs/loader:1119:32)
    at Module._load (node:internal/modules/cjs/loader:960:12)
    at Module.require (node:internal/modules/cjs/loader:1143:19)
    at require (node:internal/modules/cjs/helpers:119:18)
    at Object.<anonymous> (/Users/muh.firdaus/Documents/Daus/SIB Dicoding/Capstone/kasa-talk-api-v1/src/routes/user.route.js:2:21)
    at Module._compile (node:internal/modules/cjs/loader:1256:14)
 [LOGGER] 2023-12-03 02:48:38.716 PM error : uncaughtException: missing ) after argument list
/Users/muh.firdaus/Documents/Daus/SIB Dicoding/Capstone/kasa-talk-api-v1/src/controllers/user.controller.js:37
    console.log(userExists[0];
                            ^

SyntaxError: missing ) after argument list
    at internalCompileFunction (node:internal/vm:73:18)
    at wrapSafe (node:internal/modules/cjs/loader:1178:20)
    at Module._compile (node:internal/modules/cjs/loader:1220:27)
    at Module._extensions..js (node:internal/modules/cjs/loader:1310:10)
    at Module.load (node:internal/modules/cjs/loader:1119:32)
    at Module._load (node:internal/modules/cjs/loader:960:12)
    at Module.require (node:internal/modules/cjs/loader:1143:19)
    at require (node:internal/modules/cjs/helpers:119:18)
    at Object.<anonymous> (/Users/muh.firdaus/Documents/Daus/SIB Dicoding/Capstone/kasa-talk-api-v1/src/routes/user.route.js:2:21)
    at Module._compile (node:internal/modules/cjs/loader:1256:14)
 [LOGGER] 2023-12-03 02:49:09.367 PM error : uncaughtException: Unexpected token ')'
/Users/muh.firdaus/Documents/Daus/SIB Dicoding/Capstone/kasa-talk-api-v1/src/controllers/user.controller.js:39
    if (userExists > ) {
                     ^

SyntaxError: Unexpected token ')'
    at internalCompileFunction (node:internal/vm:73:18)
    at wrapSafe (node:internal/modules/cjs/loader:1178:20)
    at Module._compile (node:internal/modules/cjs/loader:1220:27)
    at Module._extensions..js (node:internal/modules/cjs/loader:1310:10)
    at Module.load (node:internal/modules/cjs/loader:1119:32)
    at Module._load (node:internal/modules/cjs/loader:960:12)
    at Module.require (node:internal/modules/cjs/loader:1143:19)
    at require (node:internal/modules/cjs/helpers:119:18)
    at Object.<anonymous> (/Users/muh.firdaus/Documents/Daus/SIB Dicoding/Capstone/kasa-talk-api-v1/src/routes/user.route.js:2:21)
    at Module._compile (node:internal/modules/cjs/loader:1256:14)
 [LOGGER] 2023-12-03 02:51:39.657 PM error : uncaughtException: Unexpected token ')'
/Users/muh.firdaus/Documents/Daus/SIB Dicoding/Capstone/kasa-talk-api-v1/src/controllers/user.controller.js:49
    ) {
    ^

SyntaxError: Unexpected token ')'
    at internalCompileFunction (node:internal/vm:73:18)
    at wrapSafe (node:internal/modules/cjs/loader:1178:20)
    at Module._compile (node:internal/modules/cjs/loader:1220:27)
    at Module._extensions..js (node:internal/modules/cjs/loader:1310:10)
    at Module.load (node:internal/modules/cjs/loader:1119:32)
    at Module._load (node:internal/modules/cjs/loader:960:12)
    at Module.require (node:internal/modules/cjs/loader:1143:19)
    at require (node:internal/modules/cjs/helpers:119:18)
    at Object.<anonymous> (/Users/muh.firdaus/Documents/Daus/SIB Dicoding/Capstone/kasa-talk-api-v1/src/routes/user.route.js:2:21)
    at Module._compile (node:internal/modules/cjs/loader:1256:14)
 [LOGGER] 2023-12-03 02:57:15.718 PM error : uncaughtException: Unexpected token 'const'
/Users/muh.firdaus/Documents/Daus/SIB Dicoding/Capstone/kasa-talk-api-v1/src/controllers/user.controller.js:56
    const newUser = await User.create({
    ^^^^^

SyntaxError: Unexpected token 'const'
    at internalCompileFunction (node:internal/vm:73:18)
    at wrapSafe (node:internal/modules/cjs/loader:1178:20)
    at Module._compile (node:internal/modules/cjs/loader:1220:27)
    at Module._extensions..js (node:internal/modules/cjs/loader:1310:10)
    at Module.load (node:internal/modules/cjs/loader:1119:32)
    at Module._load (node:internal/modules/cjs/loader:960:12)
    at Module.require (node:internal/modules/cjs/loader:1143:19)
    at require (node:internal/modules/cjs/helpers:119:18)
    at Object.<anonymous> (/Users/muh.firdaus/Documents/Daus/SIB Dicoding/Capstone/kasa-talk-api-v1/src/routes/user.route.js:2:21)
    at Module._compile (node:internal/modules/cjs/loader:1256:14)
 [LOGGER] 2023-12-03 02:57:18.287 PM error : uncaughtException: Unexpected token 'const'
/Users/muh.firdaus/Documents/Daus/SIB Dicoding/Capstone/kasa-talk-api-v1/src/controllers/user.controller.js:56
    const newUser = await User.create({
    ^^^^^

SyntaxError: Unexpected token 'const'
    at internalCompileFunction (node:internal/vm:73:18)
    at wrapSafe (node:internal/modules/cjs/loader:1178:20)
    at Module._compile (node:internal/modules/cjs/loader:1220:27)
    at Module._extensions..js (node:internal/modules/cjs/loader:1310:10)
    at Module.load (node:internal/modules/cjs/loader:1119:32)
    at Module._load (node:internal/modules/cjs/loader:960:12)
    at Module.require (node:internal/modules/cjs/loader:1143:19)
    at require (node:internal/modules/cjs/helpers:119:18)
    at Object.<anonymous> (/Users/muh.firdaus/Documents/Daus/SIB Dicoding/Capstone/kasa-talk-api-v1/src/routes/user.route.js:2:21)
    at Module._compile (node:internal/modules/cjs/loader:1256:14)
 [LOGGER] 2023-12-03 02:57:57.570 PM error : uncaughtException: Unexpected token ')'
/Users/muh.firdaus/Documents/Daus/SIB Dicoding/Capstone/kasa-talk-api-v1/src/controllers/user.controller.js:56
    if ()
        ^

SyntaxError: Unexpected token ')'
    at internalCompileFunction (node:internal/vm:73:18)
    at wrapSafe (node:internal/modules/cjs/loader:1178:20)
    at Module._compile (node:internal/modules/cjs/loader:1220:27)
    at Module._extensions..js (node:internal/modules/cjs/loader:1310:10)
    at Module.load (node:internal/modules/cjs/loader:1119:32)
    at Module._load (node:internal/modules/cjs/loader:960:12)
    at Module.require (node:internal/modules/cjs/loader:1143:19)
    at require (node:internal/modules/cjs/helpers:119:18)
    at Object.<anonymous> (/Users/muh.firdaus/Documents/Daus/SIB Dicoding/Capstone/kasa-talk-api-v1/src/routes/user.route.js:2:21)
    at Module._compile (node:internal/modules/cjs/loader:1256:14)
 [LOGGER] 2023-12-03 02:59:26.548 PM error : uncaughtException: Unexpected token ')'
/Users/muh.firdaus/Documents/Daus/SIB Dicoding/Capstone/kasa-talk-api-v1/src/controllers/user.controller.js:48
    if (userExists.length > 0 && !userExists[0].isActive && ) {
                                                            ^

SyntaxError: Unexpected token ')'
    at internalCompileFunction (node:internal/vm:73:18)
    at wrapSafe (node:internal/modules/cjs/loader:1178:20)
    at Module._compile (node:internal/modules/cjs/loader:1220:27)
    at Module._extensions..js (node:internal/modules/cjs/loader:1310:10)
    at Module.load (node:internal/modules/cjs/loader:1119:32)
    at Module._load (node:internal/modules/cjs/loader:960:12)
    at Module.require (node:internal/modules/cjs/loader:1143:19)
    at require (node:internal/modules/cjs/helpers:119:18)
    at Object.<anonymous> (/Users/muh.firdaus/Documents/Daus/SIB Dicoding/Capstone/kasa-talk-api-v1/src/routes/user.route.js:2:21)
    at Module._compile (node:internal/modules/cjs/loader:1256:14)
 [LOGGER] 2023-12-03 03:02:47.769 PM error : uncaughtException: Unexpected identifier
/Users/muh.firdaus/Documents/Daus/SIB Dicoding/Capstone/kasa-talk-api-v1/src/controllers/user.controller.js:50
      Date.parse(userExists[0].expireTime) > new Date()) {
      ^^^^

SyntaxError: Unexpected identifier
    at internalCompileFunction (node:internal/vm:73:18)
    at wrapSafe (node:internal/modules/cjs/loader:1178:20)
    at Module._compile (node:internal/modules/cjs/loader:1220:27)
    at Module._extensions..js (node:internal/modules/cjs/loader:1310:10)
    at Module.load (node:internal/modules/cjs/loader:1119:32)
    at Module._load (node:internal/modules/cjs/loader:960:12)
    at Module.require (node:internal/modules/cjs/loader:1143:19)
    at require (node:internal/modules/cjs/helpers:119:18)
    at Object.<anonymous> (/Users/muh.firdaus/Documents/Daus/SIB Dicoding/Capstone/kasa-talk-api-v1/src/routes/user.route.js:2:21)
    at Module._compile (node:internal/modules/cjs/loader:1256:14)
 [LOGGER] 2023-12-03 03:04:06.009 PM error : uncaughtException: Unexpected end of input
/Users/muh.firdaus/Documents/Daus/SIB Dicoding/Capstone/kasa-talk-api-v1/src/controllers/user.controller.js:170



SyntaxError: Unexpected end of input
    at internalCompileFunction (node:internal/vm:73:18)
    at wrapSafe (node:internal/modules/cjs/loader:1178:20)
    at Module._compile (node:internal/modules/cjs/loader:1220:27)
    at Module._extensions..js (node:internal/modules/cjs/loader:1310:10)
    at Module.load (node:internal/modules/cjs/loader:1119:32)
    at Module._load (node:internal/modules/cjs/loader:960:12)
    at Module.require (node:internal/modules/cjs/loader:1143:19)
    at require (node:internal/modules/cjs/helpers:119:18)
    at Object.<anonymous> (/Users/muh.firdaus/Documents/Daus/SIB Dicoding/Capstone/kasa-talk-api-v1/src/routes/user.route.js:2:21)
    at Module._compile (node:internal/modules/cjs/loader:1256:14)
 [LOGGER] 2023-12-03 03:04:17.296 PM error : uncaughtException: Unexpected end of input
/Users/muh.firdaus/Documents/Daus/SIB Dicoding/Capstone/kasa-talk-api-v1/src/controllers/user.controller.js:169
// }
    

SyntaxError: Unexpected end of input
    at internalCompileFunction (node:internal/vm:73:18)
    at wrapSafe (node:internal/modules/cjs/loader:1178:20)
    at Module._compile (node:internal/modules/cjs/loader:1220:27)
    at Module._extensions..js (node:internal/modules/cjs/loader:1310:10)
    at Module.load (node:internal/modules/cjs/loader:1119:32)
    at Module._load (node:internal/modules/cjs/loader:960:12)
    at Module.require (node:internal/modules/cjs/loader:1143:19)
    at require (node:internal/modules/cjs/helpers:119:18)
    at Object.<anonymous> (/Users/muh.firdaus/Documents/Daus/SIB Dicoding/Capstone/kasa-talk-api-v1/src/routes/user.route.js:2:21)
    at Module._compile (node:internal/modules/cjs/loader:1256:14)
 [LOGGER] 2023-12-03 03:04:19.385 PM error : uncaughtException: Unexpected end of input
/Users/muh.firdaus/Documents/Daus/SIB Dicoding/Capstone/kasa-talk-api-v1/src/controllers/user.controller.js:169
// };
     

SyntaxError: Unexpected end of input
    at internalCompileFunction (node:internal/vm:73:18)
    at wrapSafe (node:internal/modules/cjs/loader:1178:20)
    at Module._compile (node:internal/modules/cjs/loader:1220:27)
    at Module._extensions..js (node:internal/modules/cjs/loader:1310:10)
    at Module.load (node:internal/modules/cjs/loader:1119:32)
    at Module._load (node:internal/modules/cjs/loader:960:12)
    at Module.require (node:internal/modules/cjs/loader:1143:19)
    at require (node:internal/modules/cjs/helpers:119:18)
    at Object.<anonymous> (/Users/muh.firdaus/Documents/Daus/SIB Dicoding/Capstone/kasa-talk-api-v1/src/routes/user.route.js:2:21)
    at Module._compile (node:internal/modules/cjs/loader:1256:14)
 [LOGGER] 2023-12-03 03:04:31.878 PM error : uncaughtException: Unexpected end of input
/Users/muh.firdaus/Documents/Daus/SIB Dicoding/Capstone/kasa-talk-api-v1/src/controllers/user.controller.js:124
};
  

SyntaxError: Unexpected end of input
    at internalCompileFunction (node:internal/vm:73:18)
    at wrapSafe (node:internal/modules/cjs/loader:1178:20)
    at Module._compile (node:internal/modules/cjs/loader:1220:27)
    at Module._extensions..js (node:internal/modules/cjs/loader:1310:10)
    at Module.load (node:internal/modules/cjs/loader:1119:32)
    at Module._load (node:internal/modules/cjs/loader:960:12)
    at Module.require (node:internal/modules/cjs/loader:1143:19)
    at require (node:internal/modules/cjs/helpers:119:18)
    at Object.<anonymous> (/Users/muh.firdaus/Documents/Daus/SIB Dicoding/Capstone/kasa-talk-api-v1/src/routes/user.route.js:2:21)
    at Module._compile (node:internal/modules/cjs/loader:1256:14)
 [LOGGER] 2023-12-03 03:04:36.764 PM error : uncaughtException: Unexpected end of input
/Users/muh.firdaus/Documents/Daus/SIB Dicoding/Capstone/kasa-talk-api-v1/src/controllers/user.controller.js:169
// }
    

SyntaxError: Unexpected end of input
    at internalCompileFunction (node:internal/vm:73:18)
    at wrapSafe (node:internal/modules/cjs/loader:1178:20)
    at Module._compile (node:internal/modules/cjs/loader:1220:27)
    at Module._extensions..js (node:internal/modules/cjs/loader:1310:10)
    at Module.load (node:internal/modules/cjs/loader:1119:32)
    at Module._load (node:internal/modules/cjs/loader:960:12)
    at Module.require (node:internal/modules/cjs/loader:1143:19)
    at require (node:internal/modules/cjs/helpers:119:18)
    at Object.<anonymous> (/Users/muh.firdaus/Documents/Daus/SIB Dicoding/Capstone/kasa-talk-api-v1/src/routes/user.route.js:2:21)
    at Module._compile (node:internal/modules/cjs/loader:1256:14)
 [LOGGER] 2023-12-03 03:05:04.803 PM error : uncaughtException: Unexpected end of input
/Users/muh.firdaus/Documents/Daus/SIB Dicoding/Capstone/kasa-talk-api-v1/src/controllers/user.controller.js:169
// }
    

SyntaxError: Unexpected end of input
    at internalCompileFunction (node:internal/vm:73:18)
    at wrapSafe (node:internal/modules/cjs/loader:1178:20)
    at Module._compile (node:internal/modules/cjs/loader:1220:27)
    at Module._extensions..js (node:internal/modules/cjs/loader:1310:10)
    at Module.load (node:internal/modules/cjs/loader:1119:32)
    at Module._load (node:internal/modules/cjs/loader:960:12)
    at Module.require (node:internal/modules/cjs/loader:1143:19)
    at require (node:internal/modules/cjs/helpers:119:18)
    at Object.<anonymous> (/Users/muh.firdaus/Documents/Daus/SIB Dicoding/Capstone/kasa-talk-api-v1/src/routes/user.route.js:2:21)
    at Module._compile (node:internal/modules/cjs/loader:1256:14)
 [LOGGER] 2023-12-03 03:05:28.521 PM error : uncaughtException: Unexpected identifier
/Users/muh.firdaus/Documents/Daus/SIB Dicoding/Capstone/kasa-talk-api-v1/src/controllers/user.controller.js:50
      Date.parse(userExists[0].expireTime) > new Date()) {
      ^^^^

SyntaxError: Unexpected identifier
    at internalCompileFunction (node:internal/vm:73:18)
    at wrapSafe (node:internal/modules/cjs/loader:1178:20)
    at Module._compile (node:internal/modules/cjs/loader:1220:27)
    at Module._extensions..js (node:internal/modules/cjs/loader:1310:10)
    at Module.load (node:internal/modules/cjs/loader:1119:32)
    at Module._load (node:internal/modules/cjs/loader:960:12)
    at Module.require (node:internal/modules/cjs/loader:1143:19)
    at require (node:internal/modules/cjs/helpers:119:18)
    at Object.<anonymous> (/Users/muh.firdaus/Documents/Daus/SIB Dicoding/Capstone/kasa-talk-api-v1/src/routes/user.route.js:2:21)
    at Module._compile (node:internal/modules/cjs/loader:1256:14)
 [LOGGER] 2023-12-03 03:05:58.337 PM error : uncaughtException: Unexpected token '>'
/Users/muh.firdaus/Documents/Daus/SIB Dicoding/Capstone/kasa-talk-api-v1/src/controllers/user.controller.js:50
      && userExists[0].expireTime) > new Date()) {
                                   ^

SyntaxError: Unexpected token '>'
    at internalCompileFunction (node:internal/vm:73:18)
    at wrapSafe (node:internal/modules/cjs/loader:1178:20)
    at Module._compile (node:internal/modules/cjs/loader:1220:27)
    at Module._extensions..js (node:internal/modules/cjs/loader:1310:10)
    at Module.load (node:internal/modules/cjs/loader:1119:32)
    at Module._load (node:internal/modules/cjs/loader:960:12)
    at Module.require (node:internal/modules/cjs/loader:1143:19)
    at require (node:internal/modules/cjs/helpers:119:18)
    at Object.<anonymous> (/Users/muh.firdaus/Documents/Daus/SIB Dicoding/Capstone/kasa-talk-api-v1/src/routes/user.route.js:2:21)
    at Module._compile (node:internal/modules/cjs/loader:1256:14)
 [LOGGER] 2023-12-03 03:07:55.334 PM error : uncaughtException: Unexpected token ')'
/Users/muh.firdaus/Documents/Daus/SIB Dicoding/Capstone/kasa-talk-api-v1/src/controllers/user.controller.js:48
    console.log(userExists[0].expireTime));
                                         ^

SyntaxError: Unexpected token ')'
    at internalCompileFunction (node:internal/vm:73:18)
    at wrapSafe (node:internal/modules/cjs/loader:1178:20)
    at Module._compile (node:internal/modules/cjs/loader:1220:27)
    at Module._extensions..js (node:internal/modules/cjs/loader:1310:10)
    at Module.load (node:internal/modules/cjs/loader:1119:32)
    at Module._load (node:internal/modules/cjs/loader:960:12)
    at Module.require (node:internal/modules/cjs/loader:1143:19)
    at require (node:internal/modules/cjs/helpers:119:18)
    at Object.<anonymous> (/Users/muh.firdaus/Documents/Daus/SIB Dicoding/Capstone/kasa-talk-api-v1/src/routes/user.route.js:2:21)
    at Module._compile (node:internal/modules/cjs/loader:1256:14)
 [LOGGER] 2023-12-03 03:10:56.538 PM error : uncaughtException: Unexpected token ')'
/Users/muh.firdaus/Documents/Daus/SIB Dicoding/Capstone/kasa-talk-api-v1/src/controllers/user.controller.js:52
    console.log(Date.parse(userExists[0].));
                                         ^

SyntaxError: Unexpected token ')'
    at internalCompileFunction (node:internal/vm:73:18)
    at wrapSafe (node:internal/modules/cjs/loader:1178:20)
    at Module._compile (node:internal/modules/cjs/loader:1220:27)
    at Module._extensions..js (node:internal/modules/cjs/loader:1310:10)
    at Module.load (node:internal/modules/cjs/loader:1119:32)
    at Module._load (node:internal/modules/cjs/loader:960:12)
    at Module.require (node:internal/modules/cjs/loader:1143:19)
    at require (node:internal/modules/cjs/helpers:119:18)
    at Object.<anonymous> (/Users/muh.firdaus/Documents/Daus/SIB Dicoding/Capstone/kasa-talk-api-v1/src/routes/user.route.js:2:21)
    at Module._compile (node:internal/modules/cjs/loader:1256:14)
 [LOGGER] 2023-12-03 03:11:54.520 PM error : uncaughtException: Unexpected token 'const'
/Users/muh.firdaus/Documents/Daus/SIB Dicoding/Capstone/kasa-talk-api-v1/src/controllers/user.controller.js:50
    const currentDateTime = moment(new Date()).format('YYYY-MM-DD HH:mm:ss');
    ^^^^^

SyntaxError: Unexpected token 'const'
    at internalCompileFunction (node:internal/vm:73:18)
    at wrapSafe (node:internal/modules/cjs/loader:1178:20)
    at Module._compile (node:internal/modules/cjs/loader:1220:27)
    at Module._extensions..js (node:internal/modules/cjs/loader:1310:10)
    at Module.load (node:internal/modules/cjs/loader:1119:32)
    at Module._load (node:internal/modules/cjs/loader:960:12)
    at Module.require (node:internal/modules/cjs/loader:1143:19)
    at require (node:internal/modules/cjs/helpers:119:18)
    at Object.<anonymous> (/Users/muh.firdaus/Documents/Daus/SIB Dicoding/Capstone/kasa-talk-api-v1/src/routes/user.route.js:2:21)
    at Module._compile (node:internal/modules/cjs/loader:1256:14)
 [LOGGER] 2023-12-03 03:12:37.216 PM error : uncaughtException: Unexpected token 'if'
/Users/muh.firdaus/Documents/Daus/SIB Dicoding/Capstone/kasa-talk-api-v1/src/controllers/user.controller.js:56
    if (userExists.length > 0
    ^^

SyntaxError: Unexpected token 'if'
    at internalCompileFunction (node:internal/vm:73:18)
    at wrapSafe (node:internal/modules/cjs/loader:1178:20)
    at Module._compile (node:internal/modules/cjs/loader:1220:27)
    at Module._extensions..js (node:internal/modules/cjs/loader:1310:10)
    at Module.load (node:internal/modules/cjs/loader:1119:32)
    at Module._load (node:internal/modules/cjs/loader:960:12)
    at Module.require (node:internal/modules/cjs/loader:1143:19)
    at require (node:internal/modules/cjs/helpers:119:18)
    at Object.<anonymous> (/Users/muh.firdaus/Documents/Daus/SIB Dicoding/Capstone/kasa-talk-api-v1/src/routes/user.route.js:2:21)
    at Module._compile (node:internal/modules/cjs/loader:1256:14)
 [LOGGER] 2023-12-03 03:12:42.014 PM error : uncaughtException: Unexpected token '{'
/Users/muh.firdaus/Documents/Daus/SIB Dicoding/Capstone/kasa-talk-api-v1/src/controllers/user.controller.js:58
      && Date.parse(userExists[0].expireTime) > new Date()) {
                                                            ^

SyntaxError: Unexpected token '{'
    at internalCompileFunction (node:internal/vm:73:18)
    at wrapSafe (node:internal/modules/cjs/loader:1178:20)
    at Module._compile (node:internal/modules/cjs/loader:1220:27)
    at Module._extensions..js (node:internal/modules/cjs/loader:1310:10)
    at Module.load (node:internal/modules/cjs/loader:1119:32)
    at Module._load (node:internal/modules/cjs/loader:960:12)
    at Module.require (node:internal/modules/cjs/loader:1143:19)
    at require (node:internal/modules/cjs/helpers:119:18)
    at Object.<anonymous> (/Users/muh.firdaus/Documents/Daus/SIB Dicoding/Capstone/kasa-talk-api-v1/src/routes/user.route.js:2:21)
    at Module._compile (node:internal/modules/cjs/loader:1256:14)
 [LOGGER] 2023-12-03 03:25:43.336 PM error : uncaughtException: Unexpected token ']'
/Users/muh.firdaus/Documents/Daus/SIB Dicoding/Capstone/kasa-talk-api-v1/src/controllers/user.controller.js:36
    console.log(userExists[]);
                           ^

SyntaxError: Unexpected token ']'
    at internalCompileFunction (node:internal/vm:73:18)
    at wrapSafe (node:internal/modules/cjs/loader:1178:20)
    at Module._compile (node:internal/modules/cjs/loader:1220:27)
    at Module._extensions..js (node:internal/modules/cjs/loader:1310:10)
    at Module.load (node:internal/modules/cjs/loader:1119:32)
    at Module._load (node:internal/modules/cjs/loader:960:12)
    at Module.require (node:internal/modules/cjs/loader:1143:19)
    at require (node:internal/modules/cjs/helpers:119:18)
    at Object.<anonymous> (/Users/muh.firdaus/Documents/Daus/SIB Dicoding/Capstone/kasa-talk-api-v1/src/routes/user.route.js:2:21)
    at Module._compile (node:internal/modules/cjs/loader:1256:14)
 [LOGGER] 2023-12-03 03:26:59.945 PM error : uncaughtException: Unexpected token 'const'
/Users/muh.firdaus/Documents/Daus/SIB Dicoding/Capstone/kasa-talk-api-v1/src/controllers/user.controller.js:49
    const expireTimeMoment = moment(userExists[0].expireTime, 'YYYY-MM-DD HH:mm:ss');
    ^^^^^

SyntaxError: Unexpected token 'const'
    at internalCompileFunction (node:internal/vm:73:18)
    at wrapSafe (node:internal/modules/cjs/loader:1178:20)
    at Module._compile (node:internal/modules/cjs/loader:1220:27)
    at Module._extensions..js (node:internal/modules/cjs/loader:1310:10)
    at Module.load (node:internal/modules/cjs/loader:1119:32)
    at Module._load (node:internal/modules/cjs/loader:960:12)
    at Module.require (node:internal/modules/cjs/loader:1143:19)
    at require (node:internal/modules/cjs/helpers:119:18)
    at Object.<anonymous> (/Users/muh.firdaus/Documents/Daus/SIB Dicoding/Capstone/kasa-talk-api-v1/src/routes/user.route.js:2:21)
    at Module._compile (node:internal/modules/cjs/loader:1256:14)
 [LOGGER] 2023-12-03 03:27:01.419 PM error : uncaughtException: Unexpected token 'const'
/Users/muh.firdaus/Documents/Daus/SIB Dicoding/Capstone/kasa-talk-api-v1/src/controllers/user.controller.js:49
    const expireTimeMoment = moment(userExists[0].expireTime, 'YYYY-MM-DD HH:mm:ss');
    ^^^^^

SyntaxError: Unexpected token 'const'
    at internalCompileFunction (node:internal/vm:73:18)
    at wrapSafe (node:internal/modules/cjs/loader:1178:20)
    at Module._compile (node:internal/modules/cjs/loader:1220:27)
    at Module._extensions..js (node:internal/modules/cjs/loader:1310:10)
    at Module.load (node:internal/modules/cjs/loader:1119:32)
    at Module._load (node:internal/modules/cjs/loader:960:12)
    at Module.require (node:internal/modules/cjs/loader:1143:19)
    at require (node:internal/modules/cjs/helpers:119:18)
    at Object.<anonymous> (/Users/muh.firdaus/Documents/Daus/SIB Dicoding/Capstone/kasa-talk-api-v1/src/routes/user.route.js:2:21)
    at Module._compile (node:internal/modules/cjs/loader:1256:14)
 [LOGGER] 2023-12-03 03:27:35.267 PM error : uncaughtException: Unexpected token 'const'
/Users/muh.firdaus/Documents/Daus/SIB Dicoding/Capstone/kasa-talk-api-v1/src/controllers/user.controller.js:49
    const expireTimeMoment = moment(userExists[0].expireTime, 'YYYY-MM-DD HH:mm:ss');
    ^^^^^

SyntaxError: Unexpected token 'const'
    at internalCompileFunction (node:internal/vm:73:18)
    at wrapSafe (node:internal/modules/cjs/loader:1178:20)
    at Module._compile (node:internal/modules/cjs/loader:1220:27)
    at Module._extensions..js (node:internal/modules/cjs/loader:1310:10)
    at Module.load (node:internal/modules/cjs/loader:1119:32)
    at Module._load (node:internal/modules/cjs/loader:960:12)
    at Module.require (node:internal/modules/cjs/loader:1143:19)
    at require (node:internal/modules/cjs/helpers:119:18)
    at Object.<anonymous> (/Users/muh.firdaus/Documents/Daus/SIB Dicoding/Capstone/kasa-talk-api-v1/src/routes/user.route.js:2:21)
    at Module._compile (node:internal/modules/cjs/loader:1256:14)
 [LOGGER] 2023-12-03 03:27:36.622 PM error : uncaughtException: Unexpected token 'const'
/Users/muh.firdaus/Documents/Daus/SIB Dicoding/Capstone/kasa-talk-api-v1/src/controllers/user.controller.js:49
    const expireTimeMoment = moment(userExists[0].expireTime, 'YYYY-MM-DD HH:mm:ss');
    ^^^^^

SyntaxError: Unexpected token 'const'
    at internalCompileFunction (node:internal/vm:73:18)
    at wrapSafe (node:internal/modules/cjs/loader:1178:20)
    at Module._compile (node:internal/modules/cjs/loader:1220:27)
    at Module._extensions..js (node:internal/modules/cjs/loader:1310:10)
    at Module.load (node:internal/modules/cjs/loader:1119:32)
    at Module._load (node:internal/modules/cjs/loader:960:12)
    at Module.require (node:internal/modules/cjs/loader:1143:19)
    at require (node:internal/modules/cjs/helpers:119:18)
    at Object.<anonymous> (/Users/muh.firdaus/Documents/Daus/SIB Dicoding/Capstone/kasa-talk-api-v1/src/routes/user.route.js:2:21)
    at Module._compile (node:internal/modules/cjs/loader:1256:14)
 [LOGGER] 2023-12-03 03:27:41.123 PM error : uncaughtException: Unexpected token 'const'
/Users/muh.firdaus/Documents/Daus/SIB Dicoding/Capstone/kasa-talk-api-v1/src/controllers/user.controller.js:49
    const expireTimeMoment = moment(userExists[0].expireTime, 'YYYY-MM-DD HH:mm:ss');
    ^^^^^

SyntaxError: Unexpected token 'const'
    at internalCompileFunction (node:internal/vm:73:18)
    at wrapSafe (node:internal/modules/cjs/loader:1178:20)
    at Module._compile (node:internal/modules/cjs/loader:1220:27)
    at Module._extensions..js (node:internal/modules/cjs/loader:1310:10)
    at Module.load (node:internal/modules/cjs/loader:1119:32)
    at Module._load (node:internal/modules/cjs/loader:960:12)
    at Module.require (node:internal/modules/cjs/loader:1143:19)
    at require (node:internal/modules/cjs/helpers:119:18)
    at Object.<anonymous> (/Users/muh.firdaus/Documents/Daus/SIB Dicoding/Capstone/kasa-talk-api-v1/src/routes/user.route.js:2:21)
    at Module._compile (node:internal/modules/cjs/loader:1256:14)
 [LOGGER] 2023-12-03 03:27:44.344 PM error : uncaughtException: Unexpected token ')'
/Users/muh.firdaus/Documents/Daus/SIB Dicoding/Capstone/kasa-talk-api-v1/src/controllers/user.controller.js:47
    if (userExists.)
                   ^

SyntaxError: Unexpected token ')'
    at internalCompileFunction (node:internal/vm:73:18)
    at wrapSafe (node:internal/modules/cjs/loader:1178:20)
    at Module._compile (node:internal/modules/cjs/loader:1220:27)
    at Module._extensions..js (node:internal/modules/cjs/loader:1310:10)
    at Module.load (node:internal/modules/cjs/loader:1119:32)
    at Module._load (node:internal/modules/cjs/loader:960:12)
    at Module.require (node:internal/modules/cjs/loader:1143:19)
    at require (node:internal/modules/cjs/helpers:119:18)
    at Object.<anonymous> (/Users/muh.firdaus/Documents/Daus/SIB Dicoding/Capstone/kasa-talk-api-v1/src/routes/user.route.js:2:21)
    at Module._compile (node:internal/modules/cjs/loader:1256:14)
 [LOGGER] 2023-12-03 03:27:45.346 PM error : uncaughtException: Unexpected token 'const'
/Users/muh.firdaus/Documents/Daus/SIB Dicoding/Capstone/kasa-talk-api-v1/src/controllers/user.controller.js:49
    const expireTimeMoment = moment(userExists[0].expireTime, 'YYYY-MM-DD HH:mm:ss');
    ^^^^^

SyntaxError: Unexpected token 'const'
    at internalCompileFunction (node:internal/vm:73:18)
    at wrapSafe (node:internal/modules/cjs/loader:1178:20)
    at Module._compile (node:internal/modules/cjs/loader:1220:27)
    at Module._extensions..js (node:internal/modules/cjs/loader:1310:10)
    at Module.load (node:internal/modules/cjs/loader:1119:32)
    at Module._load (node:internal/modules/cjs/loader:960:12)
    at Module.require (node:internal/modules/cjs/loader:1143:19)
    at require (node:internal/modules/cjs/helpers:119:18)
    at Object.<anonymous> (/Users/muh.firdaus/Documents/Daus/SIB Dicoding/Capstone/kasa-talk-api-v1/src/routes/user.route.js:2:21)
    at Module._compile (node:internal/modules/cjs/loader:1256:14)
 [LOGGER] 2023-12-03 03:27:47.595 PM error : uncaughtException: Unexpected token ')'
/Users/muh.firdaus/Documents/Daus/SIB Dicoding/Capstone/kasa-talk-api-v1/src/controllers/user.controller.js:47
    if (userExists.length>)
                          ^

SyntaxError: Unexpected token ')'
    at internalCompileFunction (node:internal/vm:73:18)
    at wrapSafe (node:internal/modules/cjs/loader:1178:20)
    at Module._compile (node:internal/modules/cjs/loader:1220:27)
    at Module._extensions..js (node:internal/modules/cjs/loader:1310:10)
    at Module.load (node:internal/modules/cjs/loader:1119:32)
    at Module._load (node:internal/modules/cjs/loader:960:12)
    at Module.require (node:internal/modules/cjs/loader:1143:19)
    at require (node:internal/modules/cjs/helpers:119:18)
    at Object.<anonymous> (/Users/muh.firdaus/Documents/Daus/SIB Dicoding/Capstone/kasa-talk-api-v1/src/routes/user.route.js:2:21)
    at Module._compile (node:internal/modules/cjs/loader:1256:14)
 [LOGGER] 2023-12-03 03:27:49.691 PM error : uncaughtException: Unexpected token ')'
/Users/muh.firdaus/Documents/Daus/SIB Dicoding/Capstone/kasa-talk-api-v1/src/controllers/user.controller.js:47
    if (userExists.length > )
                            ^

SyntaxError: Unexpected token ')'
    at internalCompileFunction (node:internal/vm:73:18)
    at wrapSafe (node:internal/modules/cjs/loader:1178:20)
    at Module._compile (node:internal/modules/cjs/loader:1220:27)
    at Module._extensions..js (node:internal/modules/cjs/loader:1310:10)
    at Module.load (node:internal/modules/cjs/loader:1119:32)
    at Module._load (node:internal/modules/cjs/loader:960:12)
    at Module.require (node:internal/modules/cjs/loader:1143:19)
    at require (node:internal/modules/cjs/helpers:119:18)
    at Object.<anonymous> (/Users/muh.firdaus/Documents/Daus/SIB Dicoding/Capstone/kasa-talk-api-v1/src/routes/user.route.js:2:21)
    at Module._compile (node:internal/modules/cjs/loader:1256:14)
 [LOGGER] 2023-12-03 03:27:52.718 PM error : uncaughtException: Unexpected token 'const'
/Users/muh.firdaus/Documents/Daus/SIB Dicoding/Capstone/kasa-talk-api-v1/src/controllers/user.controller.js:49
    const expireTimeMoment = moment(userExists[0].expireTime, 'YYYY-MM-DD HH:mm:ss');
    ^^^^^

SyntaxError: Unexpected token 'const'
    at internalCompileFunction (node:internal/vm:73:18)
    at wrapSafe (node:internal/modules/cjs/loader:1178:20)
    at Module._compile (node:internal/modules/cjs/loader:1220:27)
    at Module._extensions..js (node:internal/modules/cjs/loader:1310:10)
    at Module.load (node:internal/modules/cjs/loader:1119:32)
    at Module._load (node:internal/modules/cjs/loader:960:12)
    at Module.require (node:internal/modules/cjs/loader:1143:19)
    at require (node:internal/modules/cjs/helpers:119:18)
    at Object.<anonymous> (/Users/muh.firdaus/Documents/Daus/SIB Dicoding/Capstone/kasa-talk-api-v1/src/routes/user.route.js:2:21)
    at Module._compile (node:internal/modules/cjs/loader:1256:14)
 [LOGGER] 2023-12-03 03:27:55.351 PM error : uncaughtException: Unexpected token 'const'
/Users/muh.firdaus/Documents/Daus/SIB Dicoding/Capstone/kasa-talk-api-v1/src/controllers/user.controller.js:49
    const expireTimeMoment = moment(userExists[0].expireTime, 'YYYY-MM-DD HH:mm:ss');
    ^^^^^

SyntaxError: Unexpected token 'const'
    at internalCompileFunction (node:internal/vm:73:18)
    at wrapSafe (node:internal/modules/cjs/loader:1178:20)
    at Module._compile (node:internal/modules/cjs/loader:1220:27)
    at Module._extensions..js (node:internal/modules/cjs/loader:1310:10)
    at Module.load (node:internal/modules/cjs/loader:1119:32)
    at Module._load (node:internal/modules/cjs/loader:960:12)
    at Module.require (node:internal/modules/cjs/loader:1143:19)
    at require (node:internal/modules/cjs/helpers:119:18)
    at Object.<anonymous> (/Users/muh.firdaus/Documents/Daus/SIB Dicoding/Capstone/kasa-talk-api-v1/src/routes/user.route.js:2:21)
    at Module._compile (node:internal/modules/cjs/loader:1256:14)
 [LOGGER] 2023-12-03 04:47:45.216 PM error : uncaughtException: Unexpected identifier
/Users/muh.firdaus/Documents/Daus/SIB Dicoding/Capstone/kasa-talk-api-v1/src/controllers/user.controller.js:112
        expireTime: moment(new.expireTime, 'YYYY-MM-DD HH:mm:ss').utcOffset('+08:00'),
                               ^^^^^^^^^^

SyntaxError: Unexpected identifier
    at internalCompileFunction (node:internal/vm:73:18)
    at wrapSafe (node:internal/modules/cjs/loader:1178:20)
    at Module._compile (node:internal/modules/cjs/loader:1220:27)
    at Module._extensions..js (node:internal/modules/cjs/loader:1310:10)
    at Module.load (node:internal/modules/cjs/loader:1119:32)
    at Module._load (node:internal/modules/cjs/loader:960:12)
    at Module.require (node:internal/modules/cjs/loader:1143:19)
    at require (node:internal/modules/cjs/helpers:119:18)
    at Object.<anonymous> (/Users/muh.firdaus/Documents/Daus/SIB Dicoding/Capstone/kasa-talk-api-v1/src/routes/user.route.js:2:21)
    at Module._compile (node:internal/modules/cjs/loader:1256:14)
