 [LOGGER] 2023-12-05 05:29:40.484 PM error : uncaughtException: Dialect needs to be explicitly supplied as of v4.0.0
Error: Dialect needs to be explicitly supplied as of v4.0.0
    at new Sequelize (/Users/muh.firdaus/Documents/Daus/SIB Dicoding/Capstone/kasa-talk-api-v1/node_modules/sequelize/lib/sequelize.js:136:13)
    at Object.<anonymous> (/Users/muh.firdaus/Documents/Daus/SIB Dicoding/Capstone/kasa-talk-api-v1/src/models/index.js:16:15)
    at Module._compile (node:internal/modules/cjs/loader:1256:14)
    at Module._extensions..js (node:internal/modules/cjs/loader:1310:10)
    at Module.load (node:internal/modules/cjs/loader:1119:32)
    at Module._load (node:internal/modules/cjs/loader:960:12)
    at Module.require (node:internal/modules/cjs/loader:1143:19)
    at require (node:internal/modules/cjs/helpers:119:18)
    at Object.<anonymous> (/Users/muh.firdaus/Documents/Daus/SIB Dicoding/Capstone/kasa-talk-api-v1/src/controllers/kata.controller.js:1:18)
    at Module._compile (node:internal/modules/cjs/loader:1256:14)
 [LOGGER] 2023-12-05 09:42:30.519 PM error : controllers/user.controller.js:setUser - connect ECONNREFUSED ::1:587
 [LOGGER] 2023-12-05 09:42:30.537 PM error : uncaughtException: Cannot set headers after they are sent to the client
Error [ERR_HTTP_HEADERS_SENT]: Cannot set headers after they are sent to the client
    at new NodeError (node:internal/errors:405:5)
    at ServerResponse.setHeader (node:_http_outgoing:648:11)
    at ServerResponse.header (/Users/muh.firdaus/Documents/Daus/SIB Dicoding/Capstone/kasa-talk-api-v1/node_modules/express/lib/response.js:794:10)
    at ServerResponse.send (/Users/muh.firdaus/Documents/Daus/SIB Dicoding/Capstone/kasa-talk-api-v1/node_modules/express/lib/response.js:174:12)
    at ServerResponse.json (/Users/muh.firdaus/Documents/Daus/SIB Dicoding/Capstone/kasa-talk-api-v1/node_modules/express/lib/response.js:278:15)
    at setUser (/Users/muh.firdaus/Documents/Daus/SIB Dicoding/Capstone/kasa-talk-api-v1/src/controllers/user.controller.js:148:28)
    at process.processTicksAndRejections (node:internal/process/task_queues:95:5)
 [LOGGER] 2023-12-05 09:43:20.066 PM error : controllers/user.controller.js:setUser - connect ECONNREFUSED 127.0.0.1:587
 [LOGGER] 2023-12-05 09:43:20.069 PM error : uncaughtException: Cannot set headers after they are sent to the client
Error [ERR_HTTP_HEADERS_SENT]: Cannot set headers after they are sent to the client
    at new NodeError (node:internal/errors:405:5)
    at ServerResponse.setHeader (node:_http_outgoing:648:11)
    at ServerResponse.header (/Users/muh.firdaus/Documents/Daus/SIB Dicoding/Capstone/kasa-talk-api-v1/node_modules/express/lib/response.js:794:10)
    at ServerResponse.send (/Users/muh.firdaus/Documents/Daus/SIB Dicoding/Capstone/kasa-talk-api-v1/node_modules/express/lib/response.js:174:12)
    at ServerResponse.json (/Users/muh.firdaus/Documents/Daus/SIB Dicoding/Capstone/kasa-talk-api-v1/node_modules/express/lib/response.js:278:15)
    at setUser (/Users/muh.firdaus/Documents/Daus/SIB Dicoding/Capstone/kasa-talk-api-v1/src/controllers/user.controller.js:148:28)
    at process.processTicksAndRejections (node:internal/process/task_queues:95:5)
