 [LOGGER] 2023-12-18 12:05:58.453 AM error : uncaughtException: Cannot find module 'bcrypt'
Require stack:
- /Users/muh.firdaus/Documents/Daus/SIB Dicoding/Capstone/kasa-talk-api-v1/src/utils/bcrypt.js
- /Users/muh.firdaus/Documents/Daus/SIB Dicoding/Capstone/kasa-talk-api-v1/src/models/user.js
- /Users/muh.firdaus/Documents/Daus/SIB Dicoding/Capstone/kasa-talk-api-v1/src/models/index.js
- /Users/muh.firdaus/Documents/Daus/SIB Dicoding/Capstone/kasa-talk-api-v1/src/controllers/user.controller.js
- /Users/muh.firdaus/Documents/Daus/SIB Dicoding/Capstone/kasa-talk-api-v1/src/routes/user.route.js
- /Users/muh.firdaus/Documents/Daus/SIB Dicoding/Capstone/kasa-talk-api-v1/src/routes/index.js
- /Users/muh.firdaus/Documents/Daus/SIB Dicoding/Capstone/kasa-talk-api-v1/src/middleware/index.js
- /Users/muh.firdaus/Documents/Daus/SIB Dicoding/Capstone/kasa-talk-api-v1/src/index.js
Error: Cannot find module 'bcrypt'
Require stack:
- /Users/muh.firdaus/Documents/Daus/SIB Dicoding/Capstone/kasa-talk-api-v1/src/utils/bcrypt.js
- /Users/muh.firdaus/Documents/Daus/SIB Dicoding/Capstone/kasa-talk-api-v1/src/models/user.js
- /Users/muh.firdaus/Documents/Daus/SIB Dicoding/Capstone/kasa-talk-api-v1/src/models/index.js
- /Users/muh.firdaus/Documents/Daus/SIB Dicoding/Capstone/kasa-talk-api-v1/src/controllers/user.controller.js
- /Users/muh.firdaus/Documents/Daus/SIB Dicoding/Capstone/kasa-talk-api-v1/src/routes/user.route.js
- /Users/muh.firdaus/Documents/Daus/SIB Dicoding/Capstone/kasa-talk-api-v1/src/routes/index.js
- /Users/muh.firdaus/Documents/Daus/SIB Dicoding/Capstone/kasa-talk-api-v1/src/middleware/index.js
- /Users/muh.firdaus/Documents/Daus/SIB Dicoding/Capstone/kasa-talk-api-v1/src/index.js
    at Module._resolveFilename (node:internal/modules/cjs/loader:1077:15)
    at Module._load (node:internal/modules/cjs/loader:922:27)
    at Module.require (node:internal/modules/cjs/loader:1143:19)
    at require (node:internal/modules/cjs/helpers:119:18)
    at Object.<anonymous> (/Users/muh.firdaus/Documents/Daus/SIB Dicoding/Capstone/kasa-talk-api-v1/src/utils/bcrypt.js:1:16)
    at Module._compile (node:internal/modules/cjs/loader:1256:14)
    at Module._extensions..js (node:internal/modules/cjs/loader:1310:10)
    at Module.load (node:internal/modules/cjs/loader:1119:32)
    at Module._load (node:internal/modules/cjs/loader:960:12)
    at Module.require (node:internal/modules/cjs/loader:1143:19)
